<?xml version="1.0" encoding="UTF-8"?>
<TestRun id="7ad92956-3cf9-4783-83b7-513636f5f947" name="Administrator@MSSQLSERVER 2020-06-29 17:47:29" runUser="MSSQLSERVER\Administrator" xmlns="http://microsoft.com/schemas/VisualStudio/TeamTest/2006">
  <TestRunConfiguration name="Local Test Run" id="0c7bed46-05ca-4402-a23d-c0f96bab5775">
    <Description>This is a default test run configuration for a local test run.</Description>
    <Deployment runDeploymentRoot="C:\Users\Administrator\Documents\Visual Studio 2008\Projects\TestProjekt\TestResults\Administrator_MSSQLSERVER 2020-06-29 17_47_29">
      <DeploymentItem filename="C:\Users\Administrator\Documents\Visual Studio 2008\Projects\Projekt\Projekt\bin\Debug\Projekt.dll" />
    </Deployment>
    <TestTypeSpecific />
  </TestRunConfiguration>
  <ResultSummary outcome="Completed">
    <Counters total="1" executed="1" passed="1" error="0" failed="0" timeout="0" aborted="0" inconclusive="0" passedButRunAborted="0" notRunnable="0" notExecuted="0" disconnected="0" warning="0" completed="0" inProgress="0" pending="0" />
  </ResultSummary>
  <Times creation="2020-06-29T17:47:29.1070000+02:00" queuing="2020-06-29T17:47:30.4860000+02:00" start="2020-06-29T17:47:30.8330000+02:00" finish="2020-06-29T17:47:31.6230000+02:00" />
  <TestDefinitions>
    <UnitTest name="TestMedian" storage="c:\users\administrator\documents\visual studio 2008\projects\testprojekt\testprojekt\bin\debug\testprojekt.dll" id="c8ee71ad-c42c-fe98-6b9a-b3d6286df901">
      <Css projectStructure="" iteration="" />
      <Owners>
        <Owner name="" />
      </Owners>
      <Execution id="2c3f5fe5-ef26-4950-8064-105bfaf14c92" />
      <TestMethod codeBase="C:\Users\Administrator\Documents\Visual Studio 2008\Projects\TestProjekt\TestProjekt\bin\Debug\TestProjekt.dll" adapterTypeName="Microsoft.VisualStudio.TestTools.TestTypes.Unit.UnitTestAdapter, Microsoft.VisualStudio.QualityTools.Tips.UnitTest.Adapter, Version=9.0.0.0, Culture=neutral, PublicKeyToken=b03f5f7f11d50a3a" className="TestProjekt.UnitTest1, TestProjekt" name="TestMedian" />
    </UnitTest>
  </TestDefinitions>
  <TestLists>
    <TestList name="Results Not in a List" id="8c84fa94-04c1-424b-9868-57a2d4851a1d" />
    <TestList name="All Loaded Results" id="19431567-8539-422a-85d7-44ee4e166bda" />
  </TestLists>
  <TestEntries>
    <TestEntry testId="c8ee71ad-c42c-fe98-6b9a-b3d6286df901" executionId="2c3f5fe5-ef26-4950-8064-105bfaf14c92" testListId="8c84fa94-04c1-424b-9868-57a2d4851a1d" />
  </TestEntries>
  <Results>
    <UnitTestResult executionId="2c3f5fe5-ef26-4950-8064-105bfaf14c92" testId="c8ee71ad-c42c-fe98-6b9a-b3d6286df901" testName="TestMedian" computerName="MSSQLSERVER" duration="00:00:00.1592332" startTime="2020-06-29T17:47:30.9830000+02:00" endTime="2020-06-29T17:47:31.4320000+02:00" testType="13cdc9d9-ddb5-4fa4-a97d-d965ccfc6d4b" outcome="Passed" testListId="8c84fa94-04c1-424b-9868-57a2d4851a1d">
      <Output>
      </Output>
    </UnitTestResult>
  </Results>
</TestRun>